build/app/intermediates/manifest_merge_blame_file/release/manifest-merger-blame-release-report.txt
1<?xml version="1.0" encoding="utf-8"?>
2<manifest xmlns:android="http://schemas.android.com/apk/res/android"
3    package="com.example.flutter_learning"
4    android:versionCode="1"
5    android:versionName="1.0.0" >
6
7    <uses-sdk
8        android:minSdkVersion="19"
8-->src/main/AndroidManifest.xml
9        android:targetSdkVersion="31" />
9-->src/main/AndroidManifest.xml
10
11    <uses-permission android:name="android.permission.RECORD_AUDIO" />
11-->src/main/AndroidManifest.xml:3:6-72
11-->src/main/AndroidManifest.xml:3:23-69
12    <uses-permission android:name="android.permission.INTERNET" />
12-->src/main/AndroidManifest.xml:4:6-67
12-->src/main/AndroidManifest.xml:4:23-65
13    <uses-permission android:name="android.permission.ACCESS_NETWORK_STATE" />
13-->src/main/AndroidManifest.xml:5:6-80
13-->src/main/AndroidManifest.xml:5:23-77
14
15    <!-- Optional, you'll have to check this permission by yourself. -->
16    <uses-permission android:name="android.permission.WRITE_EXTERNAL_STORAGE" />
16-->src/main/AndroidManifest.xml:8:5-81
16-->src/main/AndroidManifest.xml:8:22-78
17    <uses-permission android:name="android.permission.READ_EXTERNAL_STORAGE" />
17-->src/main/AndroidManifest.xml:9:5-79
17-->src/main/AndroidManifest.xml:9:22-77
18
19    <queries>
19-->src/main/AndroidManifest.xml:10:5-16:11
20        <intent>
20-->src/main/AndroidManifest.xml:11:5-15:14
21            <action android:name="android.intent.action.VIEW" />
21-->src/main/AndroidManifest.xml:12:9-61
21-->src/main/AndroidManifest.xml:12:17-58
22
23            <category android:name="android.intent.category.BROWSABLE" />
23-->src/main/AndroidManifest.xml:13:9-70
23-->src/main/AndroidManifest.xml:13:19-67
24
25            <data android:scheme="https" />
25-->src/main/AndroidManifest.xml:14:9-40
25-->src/main/AndroidManifest.xml:14:15-37
26        </intent>
27    </queries>
28
29    <application
30        android:name="android.app.Application"
30-->src/main/AndroidManifest.xml:19:9-42
31        android:appComponentFactory="androidx.core.app.CoreComponentFactory"
31-->[androidx.core:core:1.7.0] AndroidManifest.xml:24:18-86
32        android:icon="@mipmap/ic_launcher"
32-->src/main/AndroidManifest.xml:21:9-43
33        android:label="Janastu_radio"
33-->src/main/AndroidManifest.xml:18:9-38
34        android:usesCleartextTraffic="true" >
34-->src/main/AndroidManifest.xml:20:9-44
35        <activity
35-->src/main/AndroidManifest.xml:23:9-43:20
36            android:name="com.example.flutter_learning.MainActivity"
36-->src/main/AndroidManifest.xml:24:13-41
37            android:configChanges="orientation|keyboardHidden|keyboard|screenSize|smallestScreenSize|locale|layoutDirection|fontScale|screenLayout|density|uiMode"
37-->src/main/AndroidManifest.xml:28:13-163
38            android:exported="true"
38-->src/main/AndroidManifest.xml:25:13-36
39            android:hardwareAccelerated="true"
39-->src/main/AndroidManifest.xml:29:13-47
40            android:launchMode="singleTop"
40-->src/main/AndroidManifest.xml:26:13-43
41            android:theme="@style/LaunchTheme"
41-->src/main/AndroidManifest.xml:27:13-47
42            android:windowSoftInputMode="adjustResize" >
42-->src/main/AndroidManifest.xml:30:13-55
43
44            <!--
45                 Specifies an Android theme to apply to this Activity as soon as
46                 the Android process has started. This theme is visible to the user
47                 while the Flutter UI initializes. After that, this theme continues
48                 to determine the Window background behind the Flutter UI.
49            -->
50            <meta-data
50-->src/main/AndroidManifest.xml:35:13-38:17
51                android:name="io.flutter.embedding.android.NormalTheme"
51-->src/main/AndroidManifest.xml:36:15-70
52                android:resource="@style/NormalTheme" />
52-->src/main/AndroidManifest.xml:37:15-52
53
54            <intent-filter>
54-->src/main/AndroidManifest.xml:39:13-42:29
55                <action android:name="android.intent.action.MAIN" />
55-->src/main/AndroidManifest.xml:40:17-68
55-->src/main/AndroidManifest.xml:40:25-66
56
57                <category android:name="android.intent.category.LAUNCHER" />
57-->src/main/AndroidManifest.xml:41:17-76
57-->src/main/AndroidManifest.xml:41:27-74
58            </intent-filter>
59        </activity>
60        <!--
61             Don't delete the meta-data below.
62             This is used by the Flutter tool to generate GeneratedPluginRegistrant.java
63        -->
64        <meta-data
64-->src/main/AndroidManifest.xml:46:9-48:33
65            android:name="flutterEmbedding"
65-->src/main/AndroidManifest.xml:47:13-44
66            android:value="2" />
66-->src/main/AndroidManifest.xml:48:13-30
67
68        <activity
68-->[:url_launcher_android] AndroidManifest.xml:10:9-13:74
69            android:name="io.flutter.plugins.urllauncher.WebViewActivity"
69-->[:url_launcher_android] AndroidManifest.xml:11:13-74
70            android:exported="false"
70-->[:url_launcher_android] AndroidManifest.xml:12:13-37
71            android:theme="@android:style/Theme.NoTitleBar.Fullscreen" />
71-->[:url_launcher_android] AndroidManifest.xml:13:13-71
72
73        <uses-library
73-->[androidx.window:window:1.0.0-beta04] AndroidManifest.xml:25:9-27:40
74            android:name="androidx.window.extensions"
74-->[androidx.window:window:1.0.0-beta04] AndroidManifest.xml:26:13-54
75            android:required="false" />
75-->[androidx.window:window:1.0.0-beta04] AndroidManifest.xml:27:13-37
76        <uses-library
76-->[androidx.window:window:1.0.0-beta04] AndroidManifest.xml:28:9-30:40
77            android:name="androidx.window.sidecar"
77-->[androidx.window:window:1.0.0-beta04] AndroidManifest.xml:29:13-51
78            android:required="false" />
78-->[androidx.window:window:1.0.0-beta04] AndroidManifest.xml:30:13-37
79    </application>
80
81</manifest>